<?xml version="1.0" encoding="UTF-8"?>
<!-- Generated by org.testng.reporters.JUnitReportReporter -->
<testsuite skipped="0" hostname="LAPTOP-VDF4BQTI" name="ExtentReport" tests="1" failures="0" timestamp="17 Jun 2018 18:02:38 GMT" time="1.934" errors="0">
  <testcase name="Extent_Reporting" time="1.934" classname="ExtentReport"/>
</testsuite> <!-- ExtentReport -->
