<?xml version="1.0" encoding="UTF-8"?>
<!-- Generated by org.testng.reporters.JUnitReportReporter -->
<testsuite skipped="0" hostname="LAPTOP-VDF4BQTI" name="classOne" tests="1" failures="0" timestamp="13 Jun 2018 19:35:10 GMT" time="0.025" errors="0">
  <testcase name="testone" time="0.025" classname="classOne"/>
</testsuite> <!-- classOne -->
