<?xml version="1.0" encoding="UTF-8"?>
<!-- Generated by org.testng.reporters.JUnitReportReporter -->
<testsuite skipped="0" hostname="LAPTOP-VDF4BQTI" name="com.sel.sen.ExtentReport" tests="1" failures="0" timestamp="17 Jun 2018 06:26:24 GMT" time="3.588" errors="0">
  <testcase name="Extent_Reporting" time="3.588" classname="com.sel.sen.ExtentReport"/>
</testsuite> <!-- com.sel.sen.ExtentReport -->
